TN:
SF:modules\date.js
FN:1,olderDate
FNF:1
FNH:1
FNDA:8,olderDate
DA:2,8
DA:3,8
DA:4,8
DA:5,8
DA:6,8
DA:7,8
DA:8,8
DA:9,8
DA:11,8
DA:12,0
DA:14,8
DA:15,4
DA:16,2
DA:18,2
DA:19,2
DA:20,0
DA:22,2
DA:24,0
DA:26,4
DA:29,1
LF:20
LH:17
BRDA:11,0,0,0
BRDA:11,0,1,8
BRDA:14,1,0,4
BRDA:14,1,1,4
BRDA:15,2,0,2
BRDA:15,2,1,2
BRDA:18,3,0,2
BRDA:18,3,1,0
BRDA:19,4,0,0
BRDA:19,4,1,2
BRF:10
BRH:7
end_of_record
TN:
SF:modules\validation.js
FN:5,validateNullEmptyUndefindedLength
FN:34,(anonymous_1)
FN:39,(anonymous_2)
FN:43,(anonymous_3)
FN:47,(anonymous_4)
FN:65,(anonymous_5)
FN:69,(anonymous_6)
FN:75,isValidURL
FN:82,(anonymous_8)
FN:98,(anonymous_9)
FN:124,(anonymous_10)
FN:138,articleValidation
FN:151,(anonymous_12)
FNF:13
FNH:11
FNDA:11,validateNullEmptyUndefindedLength
FNDA:5,(anonymous_1)
FNDA:5,(anonymous_2)
FNDA:5,(anonymous_3)
FNDA:10,(anonymous_4)
FNDA:6,(anonymous_5)
FNDA:6,(anonymous_6)
FNDA:1,isValidURL
FNDA:5,(anonymous_8)
FNDA:5,(anonymous_9)
FNDA:5,(anonymous_10)
FNDA:0,articleValidation
FNDA:0,(anonymous_12)
DA:2,1
DA:3,1
DA:6,11
DA:9,2
DA:10,2
DA:12,0
DA:15,2
DA:16,2
DA:18,0
DA:21,0
DA:22,0
DA:24,0
DA:26,7
DA:27,5
DA:29,2
DA:30,2
DA:34,1
DA:35,5
DA:36,4
DA:39,1
DA:40,5
DA:43,1
DA:44,5
DA:47,1
DA:48,10
DA:49,8
DA:53,8
DA:54,2
DA:56,6
DA:57,6
DA:59,0
DA:60,0
DA:62,2
DA:65,1
DA:66,6
DA:69,1
DA:70,6
DA:76,1
DA:79,1
DA:82,1
DA:83,5
DA:84,3
DA:85,1
DA:86,1
DA:87,1
DA:89,0
DA:90,0
DA:92,2
DA:93,2
DA:95,2
DA:98,1
DA:99,5
DA:100,5
DA:101,5
DA:102,5
DA:103,3
DA:104,5
DA:105,5
DA:107,3
DA:108,2
DA:110,1
DA:111,1
DA:113,2
DA:114,1
DA:115,2
DA:117,0
DA:118,0
DA:120,0
DA:121,0
DA:124,1
DA:125,5
DA:126,5
DA:127,2
DA:129,3
DA:130,1
DA:131,3
DA:133,0
DA:134,0
DA:135,0
DA:139,0
DA:140,0
DA:141,0
DA:151,0
DA:152,0
DA:154,0
DA:155,0
DA:156,0
DA:158,0
DA:159,0
DA:162,1
LF:90
LH:64
BRDA:6,0,0,2
BRDA:6,0,1,2
BRDA:6,0,2,0
BRDA:6,0,3,7
BRDA:26,1,0,5
BRDA:26,1,1,2
BRDA:35,2,0,1
BRDA:35,2,1,4
BRDA:35,3,0,5
BRDA:35,3,1,4
BRDA:48,4,0,8
BRDA:48,4,1,2
BRDA:48,5,0,10
BRDA:48,5,1,10
BRDA:48,5,2,9
BRDA:53,6,0,2
BRDA:53,6,1,6
BRDA:71,7,0,6
BRDA:71,7,1,5
BRDA:71,7,2,4
BRDA:83,8,0,3
BRDA:83,8,1,2
BRDA:83,9,0,5
BRDA:83,9,1,5
BRDA:84,10,0,1
BRDA:84,10,1,2
BRDA:84,11,0,3
BRDA:84,11,1,2
BRDA:84,11,2,1
BRDA:86,12,0,1
BRDA:86,12,1,0
BRDA:100,13,0,5
BRDA:100,13,1,0
BRDA:100,14,0,5
BRDA:100,14,1,5
BRDA:102,15,0,3
BRDA:102,15,1,2
BRDA:102,16,0,5
BRDA:102,16,1,4
BRDA:103,17,0,8
BRDA:103,17,1,6
BRDA:104,18,0,5
BRDA:104,18,1,4
BRDA:107,19,0,2
BRDA:107,19,1,1
BRDA:113,20,0,1
BRDA:113,20,1,1
BRDA:117,21,0,0
BRDA:117,21,1,0
BRDA:125,22,0,5
BRDA:125,22,1,0
BRDA:125,23,0,5
BRDA:125,23,1,0
BRDA:125,23,2,0
BRDA:126,24,0,2
BRDA:126,24,1,3
BRDA:126,25,0,5
BRDA:126,25,1,3
BRDA:129,26,0,2
BRDA:129,26,1,1
BRDA:133,27,0,0
BRDA:133,27,1,0
BRDA:152,28,0,0
BRDA:152,28,1,0
BRDA:154,29,0,0
BRDA:154,29,1,0
BRF:66
BRH:52
end_of_record
